<?xml version="1.0" encoding="UTF-8"?>
<testng-results ignored="0" total="1" passed="1" failed="0" skipped="0">
  <reporter-output>
  </reporter-output>
  <suite started-at="2022-02-08T12:20:48 EST" name="Default suite" finished-at="2022-02-08T12:20:50 EST" duration-ms="2132">
    <groups>
    </groups>
    <test started-at="2022-02-08T12:20:48 EST" name="Default test" finished-at="2022-02-08T12:20:50 EST" duration-ms="2132">
      <class name="apiRA.TC_003_GET_Request">
        <test-method signature="getGoogleMAP()[pri:0, instance:apiRA.TC_003_GET_Request@6a6afff2]" started-at="2022-02-08T12:20:48 EST" name="getGoogleMAP" finished-at="2022-02-08T12:20:50 EST" duration-ms="2087" status="PASS">
          <reporter-output>
          </reporter-output>
        </test-method> <!-- getGoogleMAP -->
      </class> <!-- apiRA.TC_003_GET_Request -->
    </test> <!-- Default test -->
  </suite> <!-- Default suite -->
</testng-results>
